Using pre-set license

 COMMAND LINE ARGUMENTS:
/Applications/Unity/Hub/Editor/2020.3.15f2/Unity.app/Contents/MacOS/Unity
-adb2
-batchMode
-noUpm
-name
AssetImportWorker0
-projectPath
/Users/jacob.faville/Documents/GitHub/DGD-6-Fall-2022/DGD 3 Project 1
-logFile
Logs/AssetImportWorker0.log
-srvPort
50075
Successfully changed project path to: /Users/jacob.faville/Documents/GitHub/DGD-6-Fall-2022/DGD 3 Project 1
/Users/jacob.faville/Documents/GitHub/DGD-6-Fall-2022/DGD 3 Project 1
Using Asset Import Pipeline V2.
Refreshing native plugins compatible for Editor in 36.72 ms, found 3 plugins.
Preloading 0 native plugins for Editor in 0.00 ms.
Initialize engine version: 2020.3.15f2 (6cf78cb77498)
[Subsystems] Discovering subsystems at path /Applications/Unity/Hub/Editor/2020.3.15f2/Unity.app/Contents/Resources/UnitySubsystems
[Subsystems] Discovering subsystems at path /Users/jacob.faville/Documents/GitHub/DGD-6-Fall-2022/DGD 3 Project 1/Assets
GfxDevice: creating device client; threaded=0
2022-09-15 14:59:34.799 Unity[4442:155077] (null) preferred device: Apple M1 (high power)
2022-09-15 14:59:34.799 Unity[4442:155077] Metal devices available: 1
2022-09-15 14:59:34.799 Unity[4442:155077] 0: Apple M1 (high power)
2022-09-15 14:59:34.800 Unity[4442:155077] Using device Apple M1 (high power)
Initializing Metal device caps: Apple M1
Initialize mono
Mono path[0] = '/Applications/Unity/Hub/Editor/2020.3.15f2/Unity.app/Contents/Managed'
Mono path[1] = '/Applications/Unity/Hub/Editor/2020.3.15f2/Unity.app/Contents/MonoBleedingEdge/lib/mono/unityjit'
Mono config path = '/Applications/Unity/Hub/Editor/2020.3.15f2/Unity.app/Contents/MonoBleedingEdge/etc'
Using monoOptions --debugger-agent=transport=dt_socket,embedding=1,server=y,suspend=n,address=127.0.0.1:56442
Begin MonoManager ReloadAssembly
Registering precompiled unity dll's ...
Register platform support module: /Applications/Unity/Hub/Editor/2020.3.15f2/Unity.app/Contents/PlaybackEngines/MacStandaloneSupport/UnityEditor.OSXStandalone.Extensions.dll
Registered in 0.000291 seconds.
Native extension for OSXStandalone target not found
Refreshing native plugins compatible for Editor in 38.37 ms, found 3 plugins.
Preloading 0 native plugins for Editor in 0.00 ms.
Mono: successfully reloaded assembly
- Completed reload, in  2.249 seconds
Domain Reload Profiling:
	ReloadAssembly (2249ms)
		BeginReloadAssembly (68ms)
			ExecutionOrderSort (0ms)
			DisableScriptedObjects (0ms)
			BackupInstance (0ms)
			ReleaseScriptingObjects (0ms)
			CreateAndSetChildDomain (2ms)
		EndReloadAssembly (803ms)
			LoadAssemblies (66ms)
			RebuildTransferFunctionScriptingTraits (0ms)
			SetupTypeCache (172ms)
			ReleaseScriptCaches (0ms)
			RebuildScriptCaches (38ms)
			SetupLoadedEditorAssemblies (455ms)
				LogAssemblyErrors (0ms)
				InitializePlatformSupportModulesInManaged (9ms)
				SetLoadedEditorAssemblies (0ms)
				RefreshPlugins (38ms)
				BeforeProcessingInitializeOnLoad (17ms)
				ProcessInitializeOnLoadAttributes (288ms)
				ProcessInitializeOnLoadMethodAttributes (103ms)
				AfterProcessingInitializeOnLoad (0ms)
				EditorAssembliesLoaded (1ms)
			ExecutionOrderSort2 (0ms)
			AwakeInstancesAfterBackupRestoration (0ms)
Platform modules already initialized, skipping
Registering precompiled user dll's ...
Registered in 0.001160 seconds.
Begin MonoManager ReloadAssembly
Native extension for OSXStandalone target not found
Refreshing native plugins compatible for Editor in 38.07 ms, found 3 plugins.
Preloading 0 native plugins for Editor in 0.00 ms.
Mono: successfully reloaded assembly
- Completed reload, in  2.371 seconds
Domain Reload Profiling:
	ReloadAssembly (2372ms)
		BeginReloadAssembly (233ms)
			ExecutionOrderSort (0ms)
			DisableScriptedObjects (31ms)
			BackupInstance (0ms)
			ReleaseScriptingObjects (0ms)
			CreateAndSetChildDomain (28ms)
		EndReloadAssembly (2052ms)
			LoadAssemblies (163ms)
			RebuildTransferFunctionScriptingTraits (0ms)
			SetupTypeCache (324ms)
			ReleaseScriptCaches (0ms)
			RebuildScriptCaches (52ms)
			SetupLoadedEditorAssemblies (1213ms)
				LogAssemblyErrors (0ms)
				InitializePlatformSupportModulesInManaged (9ms)
				SetLoadedEditorAssemblies (1ms)
				RefreshPlugins (38ms)
				BeforeProcessingInitializeOnLoad (110ms)
				ProcessInitializeOnLoadAttributes (1017ms)
				ProcessInitializeOnLoadMethodAttributes (36ms)
				AfterProcessingInitializeOnLoad (1ms)
				EditorAssembliesLoaded (0ms)
			ExecutionOrderSort2 (0ms)
			AwakeInstancesAfterBackupRestoration (34ms)
Platform modules already initialized, skipping
========================================================================
Worker process is ready to serve import requests
Launching external process: /Applications/Unity/Hub/Editor/2020.3.15f2/Unity.app/Contents/Tools/UnityShaderCompiler
Launched and connected shader compiler UnityShaderCompiler after 0.02 seconds
Refreshing native plugins compatible for Editor in 0.36 ms, found 3 plugins.
Preloading 0 native plugins for Editor in 0.00 ms.
Unloading 2090 Unused Serialized files (Serialized files now loaded: 0)
System memory in use before: 171.3 MB.
System memory in use after: 171.2 MB.

Unloading 33 unused Assets to reduce memory usage. Loaded Objects now: 2523.
Total: 1.792666 ms (FindLiveObjects: 0.113500 ms CreateObjectMapping: 0.040625 ms MarkObjects: 1.526417 ms  DeleteObjects: 0.111167 ms)

AssetImportParameters requested are different than current active one (requested -> active):
  custom:video-decoder-ogg-theora: a1e56fd34408186e4bbccfd4996cb3dc -> 
  custom:container-muxer-webm: aa71ff27fc2769a1b78a27578f13a17b -> 
  custom:container-demuxer-webm: 4f35f7cbe854078d1ac9338744f61a02 -> 
  custom:container-demuxer-ogg: 62fdf1f143b41e24485cea50d1cbac27 -> 
  custom:video-encoder-webm-vp8: eb34c28f22e8b96e1ab97ce403110664 -> 
  custom:framework-osx-AVFoundation: e770b220cccbd017edd2c1fefb359320 -> 
  custom:video-decoder-webm-vp8: 9c59270c3fd7afecdb556c50c9e8de78 -> 
  custom:audio-decoder-ogg-vorbis: bf7c407c2cedff20999df2af8eb42d56 -> 
  custom:audio-encoder-webm-vorbis: bf7c407c2cedff20999df2af8eb42d56 -> 
========================================================================
Received Import Request.
  path: Assets/Scenes
  artifactKey: Guid(8756bd86a0b8e4b888c09de04b4d9daa) Importer(815301076,1909f56bfc062723c751e8b465ee728b)
Start importing Assets/Scenes using Guid(8756bd86a0b8e4b888c09de04b4d9daa) Importer(815301076,1909f56bfc062723c751e8b465ee728b)  -> (artifact id: '00aab0c2b51143e1cc9ef6f4a69dc741') in 0.004964 seconds 
  Import took 0.007819 seconds .

========================================================================
Received Import Request.
  Time since last request: 0.000190 seconds.
  path: Assets/Scenes/SampleScene.unity
  artifactKey: Guid(2cda990e2423bbf4892e6590ba056729) Importer(815301076,1909f56bfc062723c751e8b465ee728b)
Start importing Assets/Scenes/SampleScene.unity using Guid(2cda990e2423bbf4892e6590ba056729) Importer(815301076,1909f56bfc062723c751e8b465ee728b)  -> (artifact id: 'aa27944bdea339c97c39027c7eea529c') in 0.012508 seconds 
  Import took 0.014991 seconds .

========================================================================
Received Import Request.
  Time since last request: 23.756222 seconds.
  path: Assets/Scenes/Main Menu.unity
  artifactKey: Guid(2cda990e2423bbf4892e6590ba056729) Importer(815301076,1909f56bfc062723c751e8b465ee728b)
Start importing Assets/Scenes/Main Menu.unity using Guid(2cda990e2423bbf4892e6590ba056729) Importer(815301076,1909f56bfc062723c751e8b465ee728b)  -> (artifact id: 'a541d87fb7a4ff4005301c7b1fe864f0') in 0.001641 seconds 
  Import took 0.005474 seconds .

========================================================================
Received Import Request.
  Time since last request: 117.310404 seconds.
  path: Assets/Scenes/Minigame 1.unity
  artifactKey: Guid(67e820f484826456ba5a719c914d46a6) Importer(815301076,1909f56bfc062723c751e8b465ee728b)
Start importing Assets/Scenes/Minigame 1.unity using Guid(67e820f484826456ba5a719c914d46a6) Importer(815301076,1909f56bfc062723c751e8b465ee728b)  -> (artifact id: '8d4421a062e3236aec7012e943d90a19') in 0.001775 seconds 
  Import took 0.004510 seconds .

========================================================================
Received Import Request.
  Time since last request: 11.389942 seconds.
  path: Assets/Scenes/Minigame 2.unity
  artifactKey: Guid(2d3a5e98d5abf4e65abd4246a8f0f244) Importer(815301076,1909f56bfc062723c751e8b465ee728b)
Start importing Assets/Scenes/Minigame 2.unity using Guid(2d3a5e98d5abf4e65abd4246a8f0f244) Importer(815301076,1909f56bfc062723c751e8b465ee728b)  -> (artifact id: '908d4ed2cdb20bdb1a26b5a7f80a34a6') in 0.002047 seconds 
  Import took 0.005165 seconds .

========================================================================
Received Import Request.
  Time since last request: 9.169492 seconds.
  path: Assets/Scenes/Minigame 3.unity
  artifactKey: Guid(cb371cab28300472896101b53febb48a) Importer(815301076,1909f56bfc062723c751e8b465ee728b)
Start importing Assets/Scenes/Minigame 3.unity using Guid(cb371cab28300472896101b53febb48a) Importer(815301076,1909f56bfc062723c751e8b465ee728b)  -> (artifact id: 'dcf7f70c7904baa0d5d3e743c8d44be8') in 0.001901 seconds 
  Import took 0.004819 seconds .

========================================================================
Received Import Request.
  Time since last request: 1507.818655 seconds.
  path: Assets/Scriprts
  artifactKey: Guid(66fc197a332a84dfe8f72187290950ee) Importer(815301076,1909f56bfc062723c751e8b465ee728b)
Start importing Assets/Scriprts using Guid(66fc197a332a84dfe8f72187290950ee) Importer(815301076,1909f56bfc062723c751e8b465ee728b)  -> (artifact id: '9d5802ca25430a2196c41773faca14c5') in 0.001563 seconds 
  Import took 0.004534 seconds .

========================================================================
Received Import Request.
  Time since last request: 8.208084 seconds.
  path: Assets/Scripts
  artifactKey: Guid(66fc197a332a84dfe8f72187290950ee) Importer(815301076,1909f56bfc062723c751e8b465ee728b)
Start importing Assets/Scripts using Guid(66fc197a332a84dfe8f72187290950ee) Importer(815301076,1909f56bfc062723c751e8b465ee728b)  -> (artifact id: '7b2bb7a6cded5c553cc1d375c76fd763') in 0.000727 seconds 
  Import took 0.003298 seconds .

========================================================================
Received Import Request.
  Time since last request: 65.090795 seconds.
  path: Assets/Scripts/MainMenuStart.cs
  artifactKey: Guid(a6f42494ca7ba420a803638daa23e55c) Importer(815301076,1909f56bfc062723c751e8b465ee728b)
Start importing Assets/Scripts/MainMenuStart.cs using Guid(a6f42494ca7ba420a803638daa23e55c) Importer(815301076,1909f56bfc062723c751e8b465ee728b)  -> (artifact id: '5eac3dcc26e52942646cec1aca3e9860') in 0.305988 seconds 
  Import took 0.308702 seconds .

========================================================================
Received Prepare
Registering precompiled user dll's ...
Registered in 0.002274 seconds.
Begin MonoManager ReloadAssembly
Native extension for OSXStandalone target not found
Refreshing native plugins compatible for Editor in 0.41 ms, found 3 plugins.
Preloading 0 native plugins for Editor in 0.00 ms.
Mono: successfully reloaded assembly
- Completed reload, in  2.286 seconds
Domain Reload Profiling:
	ReloadAssembly (2287ms)
		BeginReloadAssembly (193ms)
			ExecutionOrderSort (0ms)
			DisableScriptedObjects (36ms)
			BackupInstance (0ms)
			ReleaseScriptingObjects (0ms)
			CreateAndSetChildDomain (62ms)
		EndReloadAssembly (2003ms)
			LoadAssemblies (163ms)
			RebuildTransferFunctionScriptingTraits (0ms)
			SetupTypeCache (337ms)
			ReleaseScriptCaches (1ms)
			RebuildScriptCaches (53ms)
			SetupLoadedEditorAssemblies (1177ms)
				LogAssemblyErrors (0ms)
				InitializePlatformSupportModulesInManaged (14ms)
				SetLoadedEditorAssemblies (1ms)
				RefreshPlugins (0ms)
				BeforeProcessingInitializeOnLoad (103ms)
				ProcessInitializeOnLoadAttributes (1036ms)
				ProcessInitializeOnLoadMethodAttributes (21ms)
				AfterProcessingInitializeOnLoad (1ms)
				EditorAssembliesLoaded (0ms)
			ExecutionOrderSort2 (0ms)
			AwakeInstancesAfterBackupRestoration (40ms)
Platform modules already initialized, skipping
Refreshing native plugins compatible for Editor in 0.28 ms, found 3 plugins.
Preloading 0 native plugins for Editor in 0.00 ms.
Unloading 2086 Unused Serialized files (Serialized files now loaded: 0)
System memory in use before: 175.7 MB.
System memory in use after: 175.7 MB.

Unloading 21 unused Assets to reduce memory usage. Loaded Objects now: 2528.
Total: 1.703750 ms (FindLiveObjects: 0.100917 ms CreateObjectMapping: 0.039375 ms MarkObjects: 1.482167 ms  DeleteObjects: 0.080458 ms)

AssetImportParameters requested are different than current active one (requested -> active):
  custom:video-decoder-ogg-theora: a1e56fd34408186e4bbccfd4996cb3dc -> 
  custom:container-muxer-webm: aa71ff27fc2769a1b78a27578f13a17b -> 
  custom:container-demuxer-webm: 4f35f7cbe854078d1ac9338744f61a02 -> 
  custom:container-demuxer-ogg: 62fdf1f143b41e24485cea50d1cbac27 -> 
  custom:video-encoder-webm-vp8: eb34c28f22e8b96e1ab97ce403110664 -> 
  custom:framework-osx-AVFoundation: e770b220cccbd017edd2c1fefb359320 -> 
  custom:video-decoder-webm-vp8: 9c59270c3fd7afecdb556c50c9e8de78 -> 
  custom:audio-decoder-ogg-vorbis: bf7c407c2cedff20999df2af8eb42d56 -> 
  custom:audio-encoder-webm-vorbis: bf7c407c2cedff20999df2af8eb42d56 -> 
